<?xml version="1.0" encoding="UTF-8"?>
<!-- Generated by org.testng.reporters.JUnitXMLReporter -->
<testsuite ignored="6" hostname="prangyapanda" failures="0" tests="1" name="Default test" time="4.034" errors="0" timestamp="2022-03-26T20:06:03 IST">
  <testcase classname="com.N26.PetStoreTest.testcase.PetId_Creation" name="Upload_Pet_By_post" time="3.714"/>
  <testcase classname="com.N26.PetStoreTest.testcase.PetId_Creation" name="PetId_Creation_Sucess" time="0.0">
    <ignored/>
  </testcase> <!-- PetId_Creation_Sucess -->
  <testcase classname="com.N26.PetStoreTest.testcase.PetId_Creation" name="Update_Pet_by_post" time="0.0">
    <ignored/>
  </testcase> <!-- Update_Pet_by_post -->
  <testcase classname="com.N26.PetStoreTest.testcase.PetId_Creation" name="Petid_Update" time="0.0">
    <ignored/>
  </testcase> <!-- Petid_Update -->
  <testcase classname="com.N26.PetStoreTest.testcase.PetId_Creation" name="PetId_Fetch" time="0.0">
    <ignored/>
  </testcase> <!-- PetId_Fetch -->
  <testcase classname="com.N26.PetStoreTest.testcase.PetId_Creation" name="petId_By_Status" time="0.0">
    <ignored/>
  </testcase> <!-- petId_By_Status -->
  <testcase classname="com.N26.PetStoreTest.testcase.PetId_Creation" name="PetId_Delete" time="0.0">
    <ignored/>
  </testcase> <!-- PetId_Delete -->
</testsuite> <!-- Default test -->
