<?xml version="1.0" encoding="UTF-8"?>
<!-- Generated by org.testng.reporters.JUnitXMLReporter -->
<testsuite ignored="0" hostname="prangyapanda" failures="0" tests="4" name="Test" time="9.037" errors="0" timestamp="2022-03-24T05:42:49 IST">
  <testcase classname="com.N26.PetStoreTest.testcase.PetId_By_Status" name="delay_response" time="3.54"/>
  <testcase classname="com.N26.PetStoreTest.testcase.Petid_Fetch" name="delay_response" time="1.503"/>
  <testcase classname="com.N26.PetStoreTest.testcase.Update_PetID" name="delay_response" time="1.362"/>
  <testcase classname="com.N26.PetStoreTest.testcase.PetId_Creation" name="Registeration_Success" time="1.567"/>
</testsuite> <!-- Test -->
