<?xml version="1.0" encoding="UTF-8"?>
<!-- Generated by org.testng.reporters.JUnitXMLReporter -->
<testsuite ignored="0" hostname="prangyapanda" failures="0" tests="4" name="OrderId_Creation" time="5.639" errors="0" timestamp="2022-03-26T20:20:21 IST">
  <testcase classname="com.N26.PetStoreTest.testcase.OrderId_Creation" name="Order_create_Success" time="1.357"/>
  <testcase classname="com.N26.PetStoreTest.testcase.OrderId_Creation" name="Order_Fetch" time="1.332"/>
  <testcase classname="com.N26.PetStoreTest.testcase.OrderId_Creation" name="Store_Inventory" time="1.388"/>
  <testcase classname="com.N26.PetStoreTest.testcase.OrderId_Creation" name="store_Delete" time="1.343"/>
</testsuite> <!-- OrderId_Creation -->
