<?xml version="1.0" encoding="UTF-8"?>
<!-- Generated by org.testng.reporters.JUnitXMLReporter -->
<testsuite ignored="0" hostname="prangyapanda" failures="0" tests="7" name="PetId_Creation" time="12.535" errors="0" timestamp="2022-03-26T20:20:15 IST">
  <testcase classname="com.N26.PetStoreTest.testcase.PetId_Creation" name="PetId_Creation_Sucess" time="3.075"/>
  <testcase classname="com.N26.PetStoreTest.testcase.PetId_Creation" name="PetId_Fetch" time="1.546"/>
  <testcase classname="com.N26.PetStoreTest.testcase.PetId_Creation" name="petId_By_Status" time="1.318"/>
  <testcase classname="com.N26.PetStoreTest.testcase.PetId_Creation" name="Petid_Update" time="1.319"/>
  <testcase classname="com.N26.PetStoreTest.testcase.PetId_Creation" name="Update_Pet_by_post" time="1.312"/>
  <testcase classname="com.N26.PetStoreTest.testcase.PetId_Creation" name="Upload_Pet_By_post" time="2.135"/>
  <testcase classname="com.N26.PetStoreTest.testcase.PetId_Creation" name="PetId_Delete" time="1.391"/>
</testsuite> <!-- PetId_Creation -->
