<?xml version="1.0" encoding="UTF-8"?>
<!-- Generated by org.testng.reporters.JUnitXMLReporter -->
<testsuite ignored="0" hostname="prangyapanda" failures="0" tests="12" name="Test" time="18.147" errors="0" timestamp="2022-03-25T01:13:26 IST">
  <testcase classname="com.N26.PetStoreTest.testcase.OrderId_Creation" name="Order_create_Success" time="2.661"/>
  <testcase classname="com.N26.PetStoreTest.testcase.OrderId_Creation" name="Order_Fetch" time="1.385"/>
  <testcase classname="com.N26.PetStoreTest.testcase.OrderId_Creation" name="Store_Inventory" time="1.333"/>
  <testcase classname="com.N26.PetStoreTest.testcase.OrderId_Creation" name="store_Delete" time="1.313"/>
  <testcase classname="com.N26.PetStoreTest.testcase.User_Creation" name="User_Creation" time="1.331"/>
  <testcase classname="com.N26.PetStoreTest.testcase.User_Creation" name="UserCreationWithArray" time="1.327"/>
  <testcase classname="com.N26.PetStoreTest.testcase.User_Creation" name="UserCreationWithList" time="1.385"/>
  <testcase classname="com.N26.PetStoreTest.testcase.User_Creation" name="UserNameFetch" time="1.405"/>
  <testcase classname="com.N26.PetStoreTest.testcase.User_Creation" name="UserPutRequest" time="1.351"/>
  <testcase classname="com.N26.PetStoreTest.testcase.User_Creation" name="User_delete" time="1.356"/>
  <testcase classname="com.N26.PetStoreTest.testcase.logIn" name="LogIn" time="1.361"/>
  <testcase classname="com.N26.PetStoreTest.testcase.logIn" name="Log_Out" time="1.333"/>
</testsuite> <!-- Test -->
