<?xml version="1.0" encoding="UTF-8"?>
<!-- Generated by org.testng.reporters.JUnitXMLReporter -->
<testsuite ignored="0" hostname="prangyapanda" failures="0" tests="6" name="User_Creation" time="8.134" errors="0" timestamp="2022-03-26T20:20:29 IST">
  <testcase classname="com.N26.PetStoreTest.testcase.User_Creation" name="User_Creation" time="1.324"/>
  <testcase classname="com.N26.PetStoreTest.testcase.User_Creation" name="UserCreationWithArray" time="1.37"/>
  <testcase classname="com.N26.PetStoreTest.testcase.User_Creation" name="UserCreationWithList" time="1.32"/>
  <testcase classname="com.N26.PetStoreTest.testcase.User_Creation" name="UserNameFetch" time="1.359"/>
  <testcase classname="com.N26.PetStoreTest.testcase.User_Creation" name="UserPutRequest" time="1.349"/>
  <testcase classname="com.N26.PetStoreTest.testcase.User_Creation" name="User_delete" time="1.299"/>
</testsuite> <!-- User_Creation -->
